2025-12-02 18:32:37 - ERROR - ERROR al crear dataset 'Dataset SIATA prueba 01'. status=401 body={"status":"ERROR","message":"Bad API key"}
2025-12-02 18:32:37 - ERROR - ERROR al crear dataset 'Dataset SIATA prueba 02'. status=401 body={"status":"ERROR","message":"Bad API key"}
2025-12-02 18:32:38 - ERROR - ERROR al crear dataset 'Dataset SIATA prueba 03'. status=401 body={"status":"ERROR","message":"Bad API key"}
2025-12-02 18:32:38 - ERROR - ERROR al crear dataset 'Dataset SIATA prueba 04'. status=401 body={"status":"ERROR","message":"Bad API key"}
2025-12-02 18:32:38 - ERROR - ERROR al crear dataset 'Dataset SIATA prueba 05'. status=401 body={"status":"ERROR","message":"Bad API key"}
2025-12-02 18:32:39 - ERROR - ERROR al crear dataset 'Dataset SIATA prueba 06'. status=401 body={"status":"ERROR","message":"Bad API key"}
2025-12-02 18:32:39 - ERROR - ERROR al crear dataset 'Dataset SIATA prueba 07'. status=401 body={"status":"ERROR","message":"Bad API key"}
2025-12-02 18:32:40 - ERROR - ERROR al crear dataset 'Dataset SIATA prueba 08'. status=401 body={"status":"ERROR","message":"Bad API key"}
2025-12-02 18:32:40 - ERROR - ERROR al crear dataset 'Dataset SIATA prueba 09'. status=401 body={"status":"ERROR","message":"Bad API key"}
2025-12-02 18:32:41 - ERROR - ERROR al crear dataset 'Dataset SIATA prueba 10'. status=401 body={"status":"ERROR","message":"Bad API key"}
2025-12-02 18:34:25 - ERROR - ERROR al crear dataset 'Dataset SIATA prueba 01'. status=401 body={"status":"ERROR","message":"Bad API key"}
2025-12-02 18:34:26 - ERROR - ERROR al crear dataset 'Dataset SIATA prueba 02'. status=401 body={"status":"ERROR","message":"Bad API key"}
2025-12-02 18:34:26 - ERROR - ERROR al crear dataset 'Dataset SIATA prueba 03'. status=401 body={"status":"ERROR","message":"Bad API key"}
2025-12-02 18:34:27 - ERROR - ERROR al crear dataset 'Dataset SIATA prueba 04'. status=401 body={"status":"ERROR","message":"Bad API key"}
2025-12-02 18:34:27 - ERROR - ERROR al crear dataset 'Dataset SIATA prueba 05'. status=401 body={"status":"ERROR","message":"Bad API key"}
2025-12-02 18:34:28 - ERROR - ERROR al crear dataset 'Dataset SIATA prueba 06'. status=401 body={"status":"ERROR","message":"Bad API key"}
2025-12-02 18:34:28 - ERROR - ERROR al crear dataset 'Dataset SIATA prueba 07'. status=401 body={"status":"ERROR","message":"Bad API key"}
2025-12-02 18:34:29 - ERROR - ERROR al crear dataset 'Dataset SIATA prueba 08'. status=401 body={"status":"ERROR","message":"Bad API key"}
2025-12-02 18:34:29 - ERROR - ERROR al crear dataset 'Dataset SIATA prueba 09'. status=401 body={"status":"ERROR","message":"Bad API key"}
2025-12-02 18:34:29 - ERROR - ERROR al crear dataset 'Dataset SIATA prueba 10'. status=401 body={"status":"ERROR","message":"Bad API key"}
2025-12-02 18:36:34 - ERROR - ERROR al crear dataset 'Dataset SIATA prueba 01'. status=401 body={"status":"ERROR","message":"Bad API key"}
2025-12-02 18:36:34 - ERROR - ERROR al crear dataset 'Dataset SIATA prueba 02'. status=401 body={"status":"ERROR","message":"Bad API key"}
2025-12-02 18:36:35 - ERROR - ERROR al crear dataset 'Dataset SIATA prueba 03'. status=401 body={"status":"ERROR","message":"Bad API key"}
2025-12-02 18:36:35 - ERROR - ERROR al crear dataset 'Dataset SIATA prueba 04'. status=401 body={"status":"ERROR","message":"Bad API key"}
2025-12-02 18:36:35 - ERROR - ERROR al crear dataset 'Dataset SIATA prueba 05'. status=401 body={"status":"ERROR","message":"Bad API key"}
2025-12-02 18:36:36 - ERROR - ERROR al crear dataset 'Dataset SIATA prueba 06'. status=401 body={"status":"ERROR","message":"Bad API key"}
2025-12-02 18:36:36 - ERROR - ERROR al crear dataset 'Dataset SIATA prueba 07'. status=401 body={"status":"ERROR","message":"Bad API key"}
2025-12-02 18:36:37 - ERROR - ERROR al crear dataset 'Dataset SIATA prueba 08'. status=401 body={"status":"ERROR","message":"Bad API key"}
2025-12-02 18:36:37 - ERROR - ERROR al crear dataset 'Dataset SIATA prueba 09'. status=401 body={"status":"ERROR","message":"Bad API key"}
2025-12-02 18:36:38 - ERROR - ERROR al crear dataset 'Dataset SIATA prueba 10'. status=401 body={"status":"ERROR","message":"Bad API key"}
2025-12-02 18:38:46 - ERROR - ERROR al crear dataset 'Dataset SIATA prueba 01'. status=403 body={"status":"ERROR","message":"Validation Failed: Point of Contact E-mail is required. (Invalid value:edu.harvard.iq.dataverse.DatasetField[ id=null ]), Subject is required. (Invalid value:edu.harvard.iq.dataverse.DatasetField[ id=null ]).java.util.stream.ReferencePipeline$3@47ea46f8"}
2025-12-02 18:38:46 - ERROR - ERROR al crear dataset 'Dataset SIATA prueba 02'. status=403 body={"status":"ERROR","message":"Validation Failed: Subject is required. (Invalid value:edu.harvard.iq.dataverse.DatasetField[ id=null ]), Point of Contact E-mail is required. (Invalid value:edu.harvard.iq.dataverse.DatasetField[ id=null ]).java.util.stream.ReferencePipeline$3@1d149214"}
2025-12-02 18:38:47 - ERROR - ERROR al crear dataset 'Dataset SIATA prueba 03'. status=403 body={"status":"ERROR","message":"Validation Failed: Subject is required. (Invalid value:edu.harvard.iq.dataverse.DatasetField[ id=null ]), Point of Contact E-mail is required. (Invalid value:edu.harvard.iq.dataverse.DatasetField[ id=null ]).java.util.stream.ReferencePipeline$3@3eafd06f"}
2025-12-02 18:38:47 - ERROR - ERROR al crear dataset 'Dataset SIATA prueba 04'. status=403 body={"status":"ERROR","message":"Validation Failed: Point of Contact E-mail is required. (Invalid value:edu.harvard.iq.dataverse.DatasetField[ id=null ]), Subject is required. (Invalid value:edu.harvard.iq.dataverse.DatasetField[ id=null ]).java.util.stream.ReferencePipeline$3@45f8548d"}
2025-12-02 18:38:47 - ERROR - ERROR al crear dataset 'Dataset SIATA prueba 05'. status=403 body={"status":"ERROR","message":"Validation Failed: Subject is required. (Invalid value:edu.harvard.iq.dataverse.DatasetField[ id=null ]), Point of Contact E-mail is required. (Invalid value:edu.harvard.iq.dataverse.DatasetField[ id=null ]).java.util.stream.ReferencePipeline$3@1260f3c9"}
2025-12-02 18:38:48 - ERROR - ERROR al crear dataset 'Dataset SIATA prueba 06'. status=403 body={"status":"ERROR","message":"Validation Failed: Point of Contact E-mail is required. (Invalid value:edu.harvard.iq.dataverse.DatasetField[ id=null ]), Subject is required. (Invalid value:edu.harvard.iq.dataverse.DatasetField[ id=null ]).java.util.stream.ReferencePipeline$3@396b2c7d"}
2025-12-02 18:38:48 - ERROR - ERROR al crear dataset 'Dataset SIATA prueba 07'. status=403 body={"status":"ERROR","message":"Validation Failed: Subject is required. (Invalid value:edu.harvard.iq.dataverse.DatasetField[ id=null ]), Point of Contact E-mail is required. (Invalid value:edu.harvard.iq.dataverse.DatasetField[ id=null ]).java.util.stream.ReferencePipeline$3@4deee55c"}
2025-12-02 18:38:49 - ERROR - ERROR al crear dataset 'Dataset SIATA prueba 08'. status=403 body={"status":"ERROR","message":"Validation Failed: Point of Contact E-mail is required. (Invalid value:edu.harvard.iq.dataverse.DatasetField[ id=null ]), Subject is required. (Invalid value:edu.harvard.iq.dataverse.DatasetField[ id=null ]).java.util.stream.ReferencePipeline$3@34561771"}
2025-12-02 18:38:49 - ERROR - ERROR al crear dataset 'Dataset SIATA prueba 09'. status=403 body={"status":"ERROR","message":"Validation Failed: Point of Contact E-mail is required. (Invalid value:edu.harvard.iq.dataverse.DatasetField[ id=null ]), Subject is required. (Invalid value:edu.harvard.iq.dataverse.DatasetField[ id=null ]).java.util.stream.ReferencePipeline$3@4a38e876"}
2025-12-02 18:38:50 - ERROR - ERROR al crear dataset 'Dataset SIATA prueba 10'. status=403 body={"status":"ERROR","message":"Validation Failed: Point of Contact E-mail is required. (Invalid value:edu.harvard.iq.dataverse.DatasetField[ id=null ]), Subject is required. (Invalid value:edu.harvard.iq.dataverse.DatasetField[ id=null ]).java.util.stream.ReferencePipeline$3@3fad2563"}
2025-12-02 18:43:07 - ERROR - ERROR al crear dataset 'Dataset SIATA prueba 01'. status=404 body={"status":"ERROR","message":"Can't find dataverse with identifier='siata'"}
2025-12-02 18:43:07 - ERROR - ERROR al crear dataset 'Dataset SIATA prueba 02'. status=404 body={"status":"ERROR","message":"Can't find dataverse with identifier='siata'"}
2025-12-02 18:43:07 - ERROR - ERROR al crear dataset 'Dataset SIATA prueba 03'. status=404 body={"status":"ERROR","message":"Can't find dataverse with identifier='siata'"}
2025-12-02 18:43:08 - ERROR - ERROR al crear dataset 'Dataset SIATA prueba 04'. status=404 body={"status":"ERROR","message":"Can't find dataverse with identifier='siata'"}
2025-12-02 18:43:08 - ERROR - ERROR al crear dataset 'Dataset SIATA prueba 05'. status=404 body={"status":"ERROR","message":"Can't find dataverse with identifier='siata'"}
2025-12-02 18:43:09 - ERROR - ERROR al crear dataset 'Dataset SIATA prueba 06'. status=404 body={"status":"ERROR","message":"Can't find dataverse with identifier='siata'"}
2025-12-02 18:43:09 - ERROR - ERROR al crear dataset 'Dataset SIATA prueba 07'. status=404 body={"status":"ERROR","message":"Can't find dataverse with identifier='siata'"}
2025-12-02 18:43:10 - ERROR - ERROR al crear dataset 'Dataset SIATA prueba 08'. status=404 body={"status":"ERROR","message":"Can't find dataverse with identifier='siata'"}
2025-12-02 18:43:10 - ERROR - ERROR al crear dataset 'Dataset SIATA prueba 09'. status=404 body={"status":"ERROR","message":"Can't find dataverse with identifier='siata'"}
2025-12-02 18:43:11 - ERROR - ERROR al crear dataset 'Dataset SIATA prueba 10'. status=404 body={"status":"ERROR","message":"Can't find dataverse with identifier='siata'"}
2025-12-02 18:46:24 - ERROR - ERROR al crear dataset 'Dataset SIATA prueba 01'. status=403 body={"status":"ERROR","message":"Validation Failed: Point of Contact E-mail is required. (Invalid value:edu.harvard.iq.dataverse.DatasetField[ id=null ]), Subject is required. (Invalid value:edu.harvard.iq.dataverse.DatasetField[ id=null ]).java.util.stream.ReferencePipeline$3@3b09f3bd"}
2025-12-02 18:46:25 - ERROR - ERROR al crear dataset 'Dataset SIATA prueba 02'. status=403 body={"status":"ERROR","message":"Validation Failed: Subject is required. (Invalid value:edu.harvard.iq.dataverse.DatasetField[ id=null ]), Point of Contact E-mail is required. (Invalid value:edu.harvard.iq.dataverse.DatasetField[ id=null ]).java.util.stream.ReferencePipeline$3@2dbbbbe0"}
2025-12-02 18:46:25 - ERROR - ERROR al crear dataset 'Dataset SIATA prueba 03'. status=403 body={"status":"ERROR","message":"Validation Failed: Subject is required. (Invalid value:edu.harvard.iq.dataverse.DatasetField[ id=null ]), Point of Contact E-mail is required. (Invalid value:edu.harvard.iq.dataverse.DatasetField[ id=null ]).java.util.stream.ReferencePipeline$3@7c93b087"}
2025-12-02 18:46:26 - ERROR - ERROR al crear dataset 'Dataset SIATA prueba 04'. status=403 body={"status":"ERROR","message":"Validation Failed: Point of Contact E-mail is required. (Invalid value:edu.harvard.iq.dataverse.DatasetField[ id=null ]), Subject is required. (Invalid value:edu.harvard.iq.dataverse.DatasetField[ id=null ]).java.util.stream.ReferencePipeline$3@1c295287"}
2025-12-02 18:46:26 - ERROR - ERROR al crear dataset 'Dataset SIATA prueba 05'. status=403 body={"status":"ERROR","message":"Validation Failed: Point of Contact E-mail is required. (Invalid value:edu.harvard.iq.dataverse.DatasetField[ id=null ]), Subject is required. (Invalid value:edu.harvard.iq.dataverse.DatasetField[ id=null ]).java.util.stream.ReferencePipeline$3@3a72cb18"}
2025-12-02 18:46:27 - ERROR - ERROR al crear dataset 'Dataset SIATA prueba 06'. status=403 body={"status":"ERROR","message":"Validation Failed: Subject is required. (Invalid value:edu.harvard.iq.dataverse.DatasetField[ id=null ]), Point of Contact E-mail is required. (Invalid value:edu.harvard.iq.dataverse.DatasetField[ id=null ]).java.util.stream.ReferencePipeline$3@4625418b"}
2025-12-02 18:46:27 - ERROR - ERROR al crear dataset 'Dataset SIATA prueba 07'. status=403 body={"status":"ERROR","message":"Validation Failed: Point of Contact E-mail is required. (Invalid value:edu.harvard.iq.dataverse.DatasetField[ id=null ]), Subject is required. (Invalid value:edu.harvard.iq.dataverse.DatasetField[ id=null ]).java.util.stream.ReferencePipeline$3@13bc7bad"}
2025-12-02 18:46:28 - ERROR - ERROR al crear dataset 'Dataset SIATA prueba 08'. status=403 body={"status":"ERROR","message":"Validation Failed: Subject is required. (Invalid value:edu.harvard.iq.dataverse.DatasetField[ id=null ]), Point of Contact E-mail is required. (Invalid value:edu.harvard.iq.dataverse.DatasetField[ id=null ]).java.util.stream.ReferencePipeline$3@7de00c2d"}
2025-12-02 18:46:28 - ERROR - ERROR al crear dataset 'Dataset SIATA prueba 09'. status=403 body={"status":"ERROR","message":"Validation Failed: Subject is required. (Invalid value:edu.harvard.iq.dataverse.DatasetField[ id=null ]), Point of Contact E-mail is required. (Invalid value:edu.harvard.iq.dataverse.DatasetField[ id=null ]).java.util.stream.ReferencePipeline$3@5bd2509e"}
2025-12-02 18:46:29 - ERROR - ERROR al crear dataset 'Dataset SIATA prueba 10'. status=403 body={"status":"ERROR","message":"Validation Failed: Subject is required. (Invalid value:edu.harvard.iq.dataverse.DatasetField[ id=null ]), Point of Contact E-mail is required. (Invalid value:edu.harvard.iq.dataverse.DatasetField[ id=null ]).java.util.stream.ReferencePipeline$3@1e7e1b25"}
2025-12-02 18:48:11 - ERROR - ERROR al crear dataset 'Dataset SIATA prueba 01'. status=403 body={"status":"ERROR","message":"Validation Failed: Subject is required. (Invalid value:edu.harvard.iq.dataverse.DatasetField[ id=null ]), Point of Contact E-mail is required. (Invalid value:edu.harvard.iq.dataverse.DatasetField[ id=null ]).java.util.stream.ReferencePipeline$3@7f7fac86"}
2025-12-02 18:48:12 - ERROR - ERROR al crear dataset 'Dataset SIATA prueba 02'. status=403 body={"status":"ERROR","message":"Validation Failed: Point of Contact E-mail is required. (Invalid value:edu.harvard.iq.dataverse.DatasetField[ id=null ]), Subject is required. (Invalid value:edu.harvard.iq.dataverse.DatasetField[ id=null ]).java.util.stream.ReferencePipeline$3@3be37879"}
2025-12-02 18:48:12 - ERROR - ERROR al crear dataset 'Dataset SIATA prueba 03'. status=403 body={"status":"ERROR","message":"Validation Failed: Subject is required. (Invalid value:edu.harvard.iq.dataverse.DatasetField[ id=null ]), Point of Contact E-mail is required. (Invalid value:edu.harvard.iq.dataverse.DatasetField[ id=null ]).java.util.stream.ReferencePipeline$3@667f5fc1"}
2025-12-02 18:48:13 - ERROR - ERROR al crear dataset 'Dataset SIATA prueba 04'. status=403 body={"status":"ERROR","message":"Validation Failed: Point of Contact E-mail is required. (Invalid value:edu.harvard.iq.dataverse.DatasetField[ id=null ]), Subject is required. (Invalid value:edu.harvard.iq.dataverse.DatasetField[ id=null ]).java.util.stream.ReferencePipeline$3@548f4b8b"}
2025-12-02 18:48:13 - ERROR - ERROR al crear dataset 'Dataset SIATA prueba 05'. status=403 body={"status":"ERROR","message":"Validation Failed: Subject is required. (Invalid value:edu.harvard.iq.dataverse.DatasetField[ id=null ]), Point of Contact E-mail is required. (Invalid value:edu.harvard.iq.dataverse.DatasetField[ id=null ]).java.util.stream.ReferencePipeline$3@eeafeb5"}
2025-12-02 18:48:14 - ERROR - ERROR al crear dataset 'Dataset SIATA prueba 06'. status=403 body={"status":"ERROR","message":"Validation Failed: Point of Contact E-mail is required. (Invalid value:edu.harvard.iq.dataverse.DatasetField[ id=null ]), Subject is required. (Invalid value:edu.harvard.iq.dataverse.DatasetField[ id=null ]).java.util.stream.ReferencePipeline$3@236c9f8e"}
2025-12-02 18:48:14 - ERROR - ERROR al crear dataset 'Dataset SIATA prueba 07'. status=403 body={"status":"ERROR","message":"Validation Failed: Subject is required. (Invalid value:edu.harvard.iq.dataverse.DatasetField[ id=null ]), Point of Contact E-mail is required. (Invalid value:edu.harvard.iq.dataverse.DatasetField[ id=null ]).java.util.stream.ReferencePipeline$3@7c35de61"}
2025-12-02 18:48:14 - ERROR - ERROR al crear dataset 'Dataset SIATA prueba 08'. status=403 body={"status":"ERROR","message":"Validation Failed: Point of Contact E-mail is required. (Invalid value:edu.harvard.iq.dataverse.DatasetField[ id=null ]), Subject is required. (Invalid value:edu.harvard.iq.dataverse.DatasetField[ id=null ]).java.util.stream.ReferencePipeline$3@3f621ba"}
2025-12-02 18:48:15 - ERROR - ERROR al crear dataset 'Dataset SIATA prueba 09'. status=403 body={"status":"ERROR","message":"Validation Failed: Point of Contact E-mail is required. (Invalid value:edu.harvard.iq.dataverse.DatasetField[ id=null ]), Subject is required. (Invalid value:edu.harvard.iq.dataverse.DatasetField[ id=null ]).java.util.stream.ReferencePipeline$3@2198c962"}
2025-12-02 18:48:15 - ERROR - ERROR al crear dataset 'Dataset SIATA prueba 10'. status=403 body={"status":"ERROR","message":"Validation Failed: Subject is required. (Invalid value:edu.harvard.iq.dataverse.DatasetField[ id=null ]), Point of Contact E-mail is required. (Invalid value:edu.harvard.iq.dataverse.DatasetField[ id=null ]).java.util.stream.ReferencePipeline$3@1a557881"}
2025-12-02 18:49:18 - ERROR - ERROR al crear dataset 'Dataset SIATA prueba 01'. status=401 body={"status":"ERROR","message":"Bad API key"}
2025-12-02 18:49:18 - ERROR - ERROR al crear dataset 'Dataset SIATA prueba 02'. status=401 body={"status":"ERROR","message":"Bad API key"}
2025-12-02 18:49:19 - ERROR - ERROR al crear dataset 'Dataset SIATA prueba 03'. status=401 body={"status":"ERROR","message":"Bad API key"}
2025-12-02 18:49:19 - ERROR - ERROR al crear dataset 'Dataset SIATA prueba 04'. status=401 body={"status":"ERROR","message":"Bad API key"}
2025-12-02 18:49:20 - ERROR - ERROR al crear dataset 'Dataset SIATA prueba 05'. status=401 body={"status":"ERROR","message":"Bad API key"}
2025-12-02 18:49:20 - ERROR - ERROR al crear dataset 'Dataset SIATA prueba 06'. status=401 body={"status":"ERROR","message":"Bad API key"}
2025-12-02 18:49:20 - ERROR - ERROR al crear dataset 'Dataset SIATA prueba 07'. status=401 body={"status":"ERROR","message":"Bad API key"}
2025-12-02 18:49:21 - ERROR - ERROR al crear dataset 'Dataset SIATA prueba 08'. status=401 body={"status":"ERROR","message":"Bad API key"}
2025-12-02 18:49:21 - ERROR - ERROR al crear dataset 'Dataset SIATA prueba 09'. status=401 body={"status":"ERROR","message":"Bad API key"}
2025-12-02 18:49:22 - ERROR - ERROR al crear dataset 'Dataset SIATA prueba 10'. status=401 body={"status":"ERROR","message":"Bad API key"}
2025-12-02 18:49:30 - ERROR - ERROR al crear dataset 'Dataset SIATA prueba 01'. status=403 body={"status":"ERROR","message":"Validation Failed: Subject is required. (Invalid value:edu.harvard.iq.dataverse.DatasetField[ id=null ]), Point of Contact E-mail is required. (Invalid value:edu.harvard.iq.dataverse.DatasetField[ id=null ]).java.util.stream.ReferencePipeline$3@61bac18"}
2025-12-02 18:49:31 - ERROR - ERROR al crear dataset 'Dataset SIATA prueba 02'. status=403 body={"status":"ERROR","message":"Validation Failed: Point of Contact E-mail is required. (Invalid value:edu.harvard.iq.dataverse.DatasetField[ id=null ]), Subject is required. (Invalid value:edu.harvard.iq.dataverse.DatasetField[ id=null ]).java.util.stream.ReferencePipeline$3@2d86bd85"}
2025-12-02 18:49:31 - ERROR - ERROR al crear dataset 'Dataset SIATA prueba 03'. status=403 body={"status":"ERROR","message":"Validation Failed: Point of Contact E-mail is required. (Invalid value:edu.harvard.iq.dataverse.DatasetField[ id=null ]), Subject is required. (Invalid value:edu.harvard.iq.dataverse.DatasetField[ id=null ]).java.util.stream.ReferencePipeline$3@1fda3d67"}
2025-12-02 18:49:32 - ERROR - ERROR al crear dataset 'Dataset SIATA prueba 04'. status=403 body={"status":"ERROR","message":"Validation Failed: Point of Contact E-mail is required. (Invalid value:edu.harvard.iq.dataverse.DatasetField[ id=null ]), Subject is required. (Invalid value:edu.harvard.iq.dataverse.DatasetField[ id=null ]).java.util.stream.ReferencePipeline$3@338b8e2b"}
2025-12-02 18:49:32 - ERROR - ERROR al crear dataset 'Dataset SIATA prueba 05'. status=403 body={"status":"ERROR","message":"Validation Failed: Subject is required. (Invalid value:edu.harvard.iq.dataverse.DatasetField[ id=null ]), Point of Contact E-mail is required. (Invalid value:edu.harvard.iq.dataverse.DatasetField[ id=null ]).java.util.stream.ReferencePipeline$3@5c9c8f00"}
2025-12-02 18:49:33 - ERROR - ERROR al crear dataset 'Dataset SIATA prueba 06'. status=403 body={"status":"ERROR","message":"Validation Failed: Point of Contact E-mail is required. (Invalid value:edu.harvard.iq.dataverse.DatasetField[ id=null ]), Subject is required. (Invalid value:edu.harvard.iq.dataverse.DatasetField[ id=null ]).java.util.stream.ReferencePipeline$3@7a2d85e6"}
2025-12-02 18:49:33 - ERROR - ERROR al crear dataset 'Dataset SIATA prueba 07'. status=403 body={"status":"ERROR","message":"Validation Failed: Subject is required. (Invalid value:edu.harvard.iq.dataverse.DatasetField[ id=null ]), Point of Contact E-mail is required. (Invalid value:edu.harvard.iq.dataverse.DatasetField[ id=null ]).java.util.stream.ReferencePipeline$3@82d330a"}
2025-12-02 18:49:33 - ERROR - ERROR al crear dataset 'Dataset SIATA prueba 08'. status=403 body={"status":"ERROR","message":"Validation Failed: Point of Contact E-mail is required. (Invalid value:edu.harvard.iq.dataverse.DatasetField[ id=null ]), Subject is required. (Invalid value:edu.harvard.iq.dataverse.DatasetField[ id=null ]).java.util.stream.ReferencePipeline$3@3a66f55"}
2025-12-02 18:49:34 - ERROR - ERROR al crear dataset 'Dataset SIATA prueba 09'. status=403 body={"status":"ERROR","message":"Validation Failed: Subject is required. (Invalid value:edu.harvard.iq.dataverse.DatasetField[ id=null ]), Point of Contact E-mail is required. (Invalid value:edu.harvard.iq.dataverse.DatasetField[ id=null ]).java.util.stream.ReferencePipeline$3@4fe5b47"}
2025-12-02 18:49:34 - ERROR - ERROR al crear dataset 'Dataset SIATA prueba 10'. status=403 body={"status":"ERROR","message":"Validation Failed: Subject is required. (Invalid value:edu.harvard.iq.dataverse.DatasetField[ id=null ]), Point of Contact E-mail is required. (Invalid value:edu.harvard.iq.dataverse.DatasetField[ id=null ]).java.util.stream.ReferencePipeline$3@5e5702a9"}
2025-12-02 18:49:45 - ERROR - ERROR al crear dataset 'Dataset SIATA prueba 01'. status=403 body={"status":"ERROR","message":"Validation Failed: Point of Contact E-mail is required. (Invalid value:edu.harvard.iq.dataverse.DatasetField[ id=null ]), Subject is required. (Invalid value:edu.harvard.iq.dataverse.DatasetField[ id=null ]).java.util.stream.ReferencePipeline$3@931390c"}
2025-12-02 18:49:46 - ERROR - ERROR al crear dataset 'Dataset SIATA prueba 02'. status=403 body={"status":"ERROR","message":"Validation Failed: Subject is required. (Invalid value:edu.harvard.iq.dataverse.DatasetField[ id=null ]), Point of Contact E-mail is required. (Invalid value:edu.harvard.iq.dataverse.DatasetField[ id=null ]).java.util.stream.ReferencePipeline$3@138b9adc"}
2025-12-02 18:49:46 - ERROR - ERROR al crear dataset 'Dataset SIATA prueba 03'. status=403 body={"status":"ERROR","message":"Validation Failed: Subject is required. (Invalid value:edu.harvard.iq.dataverse.DatasetField[ id=null ]), Point of Contact E-mail is required. (Invalid value:edu.harvard.iq.dataverse.DatasetField[ id=null ]).java.util.stream.ReferencePipeline$3@41f39851"}
2025-12-02 18:49:47 - ERROR - ERROR al crear dataset 'Dataset SIATA prueba 04'. status=403 body={"status":"ERROR","message":"Validation Failed: Subject is required. (Invalid value:edu.harvard.iq.dataverse.DatasetField[ id=null ]), Point of Contact E-mail is required. (Invalid value:edu.harvard.iq.dataverse.DatasetField[ id=null ]).java.util.stream.ReferencePipeline$3@2db06169"}
2025-12-02 18:49:47 - ERROR - ERROR al crear dataset 'Dataset SIATA prueba 05'. status=403 body={"status":"ERROR","message":"Validation Failed: Point of Contact E-mail is required. (Invalid value:edu.harvard.iq.dataverse.DatasetField[ id=null ]), Subject is required. (Invalid value:edu.harvard.iq.dataverse.DatasetField[ id=null ]).java.util.stream.ReferencePipeline$3@61c19917"}
2025-12-02 18:49:47 - ERROR - ERROR al crear dataset 'Dataset SIATA prueba 06'. status=403 body={"status":"ERROR","message":"Validation Failed: Subject is required. (Invalid value:edu.harvard.iq.dataverse.DatasetField[ id=null ]), Point of Contact E-mail is required. (Invalid value:edu.harvard.iq.dataverse.DatasetField[ id=null ]).java.util.stream.ReferencePipeline$3@2b4d68fe"}
2025-12-02 18:49:48 - ERROR - ERROR al crear dataset 'Dataset SIATA prueba 07'. status=403 body={"status":"ERROR","message":"Validation Failed: Subject is required. (Invalid value:edu.harvard.iq.dataverse.DatasetField[ id=null ]), Point of Contact E-mail is required. (Invalid value:edu.harvard.iq.dataverse.DatasetField[ id=null ]).java.util.stream.ReferencePipeline$3@58f4017e"}
2025-12-02 18:49:48 - ERROR - ERROR al crear dataset 'Dataset SIATA prueba 08'. status=403 body={"status":"ERROR","message":"Validation Failed: Point of Contact E-mail is required. (Invalid value:edu.harvard.iq.dataverse.DatasetField[ id=null ]), Subject is required. (Invalid value:edu.harvard.iq.dataverse.DatasetField[ id=null ]).java.util.stream.ReferencePipeline$3@50bcaba2"}
2025-12-02 18:49:49 - ERROR - ERROR al crear dataset 'Dataset SIATA prueba 09'. status=403 body={"status":"ERROR","message":"Validation Failed: Point of Contact E-mail is required. (Invalid value:edu.harvard.iq.dataverse.DatasetField[ id=null ]), Subject is required. (Invalid value:edu.harvard.iq.dataverse.DatasetField[ id=null ]).java.util.stream.ReferencePipeline$3@3cac809c"}
2025-12-02 18:49:49 - ERROR - ERROR al crear dataset 'Dataset SIATA prueba 10'. status=403 body={"status":"ERROR","message":"Validation Failed: Subject is required. (Invalid value:edu.harvard.iq.dataverse.DatasetField[ id=null ]), Point of Contact E-mail is required. (Invalid value:edu.harvard.iq.dataverse.DatasetField[ id=null ]).java.util.stream.ReferencePipeline$3@4345fbc"}
2025-12-02 18:53:38 - ERROR - ERROR al crear dataset 'Dataset SIATA prueba 01'. status=400 body={"status":"ERROR","message":"Error parsing Json: Invalid license: CC0"}
2025-12-02 18:53:38 - ERROR - ERROR al crear dataset 'Dataset SIATA prueba 02'. status=400 body={"status":"ERROR","message":"Error parsing Json: Invalid license: CC0"}
2025-12-02 18:53:39 - ERROR - ERROR al crear dataset 'Dataset SIATA prueba 03'. status=400 body={"status":"ERROR","message":"Error parsing Json: Invalid license: CC0"}
2025-12-02 18:53:39 - ERROR - ERROR al crear dataset 'Dataset SIATA prueba 04'. status=400 body={"status":"ERROR","message":"Error parsing Json: Invalid license: CC0"}
2025-12-02 18:53:39 - ERROR - ERROR al crear dataset 'Dataset SIATA prueba 05'. status=400 body={"status":"ERROR","message":"Error parsing Json: Invalid license: CC0"}
2025-12-02 18:53:40 - ERROR - ERROR al crear dataset 'Dataset SIATA prueba 06'. status=400 body={"status":"ERROR","message":"Error parsing Json: Invalid license: CC0"}
2025-12-02 18:53:40 - ERROR - ERROR al crear dataset 'Dataset SIATA prueba 07'. status=400 body={"status":"ERROR","message":"Error parsing Json: Invalid license: CC0"}
2025-12-02 18:53:41 - ERROR - ERROR al crear dataset 'Dataset SIATA prueba 08'. status=400 body={"status":"ERROR","message":"Error parsing Json: Invalid license: CC0"}
2025-12-02 18:53:41 - ERROR - ERROR al crear dataset 'Dataset SIATA prueba 09'. status=400 body={"status":"ERROR","message":"Error parsing Json: Invalid license: CC0"}
2025-12-02 18:53:42 - ERROR - ERROR al crear dataset 'Dataset SIATA prueba 10'. status=400 body={"status":"ERROR","message":"Error parsing Json: Invalid license: CC0"}
2025-12-02 18:55:29 - INFO - OK - Creado dataset 'Dataset SIATA prueba 01' id=2 persistentId=doi:10.5072/FK2/CBML0G
2025-12-02 18:55:29 - INFO - OK - Creado dataset 'Dataset SIATA prueba 02' id=3 persistentId=doi:10.5072/FK2/0ULSQ1
2025-12-02 18:55:30 - INFO - OK - Creado dataset 'Dataset SIATA prueba 03' id=4 persistentId=doi:10.5072/FK2/QAMKP2
2025-12-02 18:55:30 - INFO - OK - Creado dataset 'Dataset SIATA prueba 04' id=5 persistentId=doi:10.5072/FK2/XTTDYJ
2025-12-02 18:55:31 - INFO - OK - Creado dataset 'Dataset SIATA prueba 05' id=6 persistentId=doi:10.5072/FK2/T6AH35
2025-12-02 18:55:31 - INFO - OK - Creado dataset 'Dataset SIATA prueba 06' id=7 persistentId=doi:10.5072/FK2/VEQJFN
2025-12-02 18:55:31 - INFO - OK - Creado dataset 'Dataset SIATA prueba 07' id=8 persistentId=doi:10.5072/FK2/MU8AID
2025-12-02 18:55:32 - INFO - OK - Creado dataset 'Dataset SIATA prueba 08' id=9 persistentId=doi:10.5072/FK2/L6QTIH
2025-12-02 18:55:32 - INFO - OK - Creado dataset 'Dataset SIATA prueba 09' id=10 persistentId=doi:10.5072/FK2/HPAF2R
2025-12-02 18:55:33 - INFO - OK - Creado dataset 'Dataset SIATA prueba 10' id=11 persistentId=doi:10.5072/FK2/ROHD9Y
2025-12-02 20:42:48 - INFO - OK - Creado dataset 'Dataset SIATA prueba 01' id=12 persistentId=doi:10.5072/FK2/LFPGJH
2025-12-02 20:42:49 - INFO - OK - Creado dataset 'Dataset SIATA prueba 02' id=13 persistentId=doi:10.5072/FK2/FU2RIP
2025-12-02 20:42:49 - INFO - OK - Creado dataset 'Dataset SIATA prueba 03' id=14 persistentId=doi:10.5072/FK2/PT2NFF
2025-12-02 20:42:50 - INFO - OK - Creado dataset 'Dataset SIATA prueba 04' id=15 persistentId=doi:10.5072/FK2/YELRZD
2025-12-02 20:42:50 - INFO - OK - Creado dataset 'Dataset SIATA prueba 05' id=16 persistentId=doi:10.5072/FK2/RQSB5T
2025-12-02 20:42:51 - INFO - OK - Creado dataset 'Dataset SIATA prueba 06' id=17 persistentId=doi:10.5072/FK2/4UXGVO
2025-12-02 20:42:52 - INFO - OK - Creado dataset 'Dataset SIATA prueba 07' id=18 persistentId=doi:10.5072/FK2/6DWAWG
2025-12-02 20:42:52 - INFO - OK - Creado dataset 'Dataset SIATA prueba 08' id=19 persistentId=doi:10.5072/FK2/IFENL3
2025-12-02 20:42:53 - INFO - OK - Creado dataset 'Dataset SIATA prueba 09' id=20 persistentId=doi:10.5072/FK2/NWYUQS
2025-12-02 20:42:53 - INFO - OK - Creado dataset 'Dataset SIATA prueba 10' id=21 persistentId=doi:10.5072/FK2/EREVDH
